<?xml version="1.0" encoding="UTF-8"?>
<!-- Generated by org.testng.reporters.JUnitReportReporter -->
<testsuite hostname="LAPTOP-BM84D7O1" failures="0" tests="3" name="stepdefination.Runner" time="0.097" errors="0" timestamp="2022-09-29T21:39:51 IST" skipped="0">
  <testcase classname="stepdefination.Runner" name="runScenario" time="0.006"/>
  <system-out/>
  <testcase classname="stepdefination.Runner" name="runScenario" time="0.008"/>
  <system-out/>
  <testcase classname="stepdefination.Runner" name="runScenario" time="0.083"/>
  <system-out/>
</testsuite> <!-- stepdefination.Runner -->
